#
# A fatal error has been detected by the Java Runtime Environment:
#
#  Internal Error (exceptions.cpp:427), pid=19984, tid=0x00000000000057c4
#  fatal error: ExceptionMark destructor expects no pending exceptions
#
# JRE version: Java(TM) SE Runtime Environment (8.0_111-b14) (build 1.8.0_111-b14)
# Java VM: Java HotSpot(TM) 64-Bit Server VM (25.111-b14 mixed mode windows-amd64 compressed oops)
# Failed to write core dump. Minidumps are not enabled by default on client versions of Windows
#
# If you would like to submit a bug report, please visit:
#   http://bugreport.java.com/bugreport/crash.jsp
#

---------------  T H R E A D  ---------------

Current thread (0x000000001854b800):  JavaThread "Thread-6" [_thread_in_vm, id=22468, stack(0x00000000192d0000,0x00000000193d0000)]

Stack: [0x00000000192d0000,0x00000000193d0000]
[error occurred during error reporting (printing stack bounds), id 0xc0000005]

Native frames: (J=compiled Java code, j=interpreted, Vv=VM code, C=native code)

Java frames: (J=compiled Java code, j=interpreted, Vv=VM code)
j  java.net.SocketInputStream.socketRead0(Ljava/io/FileDescriptor;[BIII)I+0
j  java.net.SocketInputStream.socketRead(Ljava/io/FileDescriptor;[BIII)I+8
j  java.net.SocketInputStream.read([BIII)I+79
j  java.net.SocketInputStream.read([BII)I+11
j  java.net.SocketInputStream.read()I+23
j  java.io.ObjectInputStream$PeekInputStream.peek()I+19
j  java.io.ObjectInputStream$BlockDataInputStream.peek()I+51
j  java.io.ObjectInputStream$BlockDataInputStream.peekByte()B+1
j  java.io.ObjectInputStream.readObject0(Z)Ljava/lang/Object;+62
j  java.io.ObjectInputStream.readObject()Ljava/lang/Object;+19
j  chatclientserver.Server$ClientThread.run()V+11
v  ~StubRoutines::call_stub

---------------  P R O C E S S  ---------------

Java Threads: ( => current thread )
=>0x000000001854b800 JavaThread "Thread-6" [_thread_in_vm, id=22468, stack(0x00000000192d0000,0x00000000193d0000)]
  0x0000000018600000 JavaThread "Thread-5" [_thread_blocked, id=6548, stack(0x00000000010d0000,0x00000000011d0000)]
  0x00000000195c3000 JavaThread "org.netbeans.modules.debugger.jpda.visual AWT Access Loop" daemon [_thread_blocked, id=21024, stack(0x000000001a980000,0x000000001aa80000)]
  0x0000000002e5e800 JavaThread "DestroyJavaVM" [_thread_blocked, id=10316, stack(0x0000000002e60000,0x0000000002f60000)]
  0x000000001957b800 JavaThread "AWT-EventQueue-0" [_thread_blocked, id=3944, stack(0x0000000019de0000,0x0000000019ee0000)]
  0x0000000019576800 JavaThread "TimerQueue" daemon [_thread_blocked, id=21032, stack(0x0000000019ce0000,0x0000000019de0000)]
  0x000000001887e800 JavaThread "AWT-Windows" daemon [_thread_blocked, id=21152, stack(0x0000000018ee0000,0x0000000018fe0000)]
  0x000000001887e000 JavaThread "AWT-Shutdown" [_thread_blocked, id=21480, stack(0x0000000018de0000,0x0000000018ee0000)]
  0x000000001887d000 JavaThread "Java2D Disposer" daemon [_thread_blocked, id=20300, stack(0x0000000018ce0000,0x0000000018de0000)]
  0x00000000184e8800 JavaThread "Service Thread" daemon [_thread_blocked, id=20344, stack(0x00000000189a0000,0x0000000018aa0000)]
  0x00000000184c6800 JavaThread "C1 CompilerThread2" daemon [_thread_blocked, id=22044, stack(0x00000000188a0000,0x00000000189a0000)]
  0x0000000016959000 JavaThread "C2 CompilerThread1" daemon [_thread_blocked, id=20520, stack(0x00000000183a0000,0x00000000184a0000)]
  0x0000000016958800 JavaThread "C2 CompilerThread0" daemon [_thread_blocked, id=20780, stack(0x00000000182a0000,0x00000000183a0000)]
  0x0000000016949800 JavaThread "JDWP Command Reader" daemon [_thread_in_native, id=21980, stack(0x00000000181a0000,0x00000000182a0000)]
  0x0000000016946000 JavaThread "JDWP Event Helper Thread" daemon [_thread_blocked, id=20616, stack(0x00000000180a0000,0x00000000181a0000)]
  0x0000000016937800 JavaThread "JDWP Transport Listener: dt_shmem" daemon [_thread_blocked, id=20328, stack(0x0000000017fa0000,0x00000000180a0000)]
  0x000000001692f000 JavaThread "Attach Listener" daemon [_thread_blocked, id=20292, stack(0x0000000017ea0000,0x0000000017fa0000)]
  0x000000001692e000 JavaThread "Signal Dispatcher" daemon [_thread_blocked, id=10364, stack(0x0000000017da0000,0x0000000017ea0000)]
  0x000000000305e800 JavaThread "Finalizer" daemon [_thread_blocked, id=2652, stack(0x0000000017ba0000,0x0000000017ca0000)]
  0x0000000003053000 JavaThread "Reference Handler" daemon [_thread_blocked, id=17232, stack(0x0000000017aa0000,0x0000000017ba0000)]

Other Threads:
  0x00000000168f8000 VMThread [stack: 0x00000000179a0000,0x0000000017aa0000] [id=6252]
  0x00000000184f1000 WatcherThread [stack: 0x0000000018aa0000,0x0000000018ba0000] [id=7024]

VM state:synchronizing (normal execution)

VM Mutex/Monitor currently owned by a thread:  ([mutex/lock_event])
[0x0000000002e5d970] Threads_lock - owner thread: 0x00000000168f8000

Heap:
 PSYoungGen      total 28672K, used 11173K [0x00000000e0600000, 0x00000000e2600000, 0x0000000100000000)
  eden space 24576K, 45% used [0x00000000e0600000,0x00000000e10e9788,0x00000000e1e00000)
  from space 4096K, 0% used [0x00000000e2200000,0x00000000e2200000,0x00000000e2600000)
  to   space 4096K, 0% used [0x00000000e1e00000,0x00000000e1e00000,0x00000000e2200000)
 ParOldGen       total 65536K, used 0K [0x00000000a1200000, 0x00000000a5200000, 0x00000000e0600000)
  object space 65536K, 0% used [0x00000000a1200000,0x00000000a1200000,0x00000000a5200000)
 Metaspace       used 11613K, capacity 11826K, committed 12032K, reserved 1060864K
  class space    used 1393K, capacity 1481K, committed 1536K, reserved 1048576K

Card table byte_map: [0x0000000012420000,0x0000000012720000] byte_map_base: 0x0000000011f17000

Marking Bits: (ParMarkBitMap*) 0x0000000071bea6c0
 Begin Bits: [0x0000000012d20000, 0x00000000144d8000)
 End Bits:   [0x00000000144d8000, 0x0000000015c90000)

Polling page: 0x0000000001460000

CodeCache: size=245760Kb used=2910Kb max_used=2916Kb free=242849Kb
 bounds [0x0000000003060000, 0x0000000003340000, 0x0000000012060000]
 total_blobs=1244 nmethods=772 adapters=393
 compilation: enabled

Compilation events (10 events):
Event: 42.255 Thread 0x00000000184c6800  768       3       java.util.WeakHashMap::hash (28 bytes)
Event: 42.255 Thread 0x0000000016958800  769       4       java.util.ArrayList$Itr::hasNext (20 bytes)
Event: 42.255 Thread 0x00000000184c6800 nmethod 768 0x00000000033366d0 code [0x0000000003336840, 0x0000000003336a88]
Event: 42.256 Thread 0x0000000016958800 nmethod 769 0x0000000003339810 code [0x0000000003339940, 0x00000000033399f8]
Event: 42.266 Thread 0x00000000184c6800  770       3       java.awt.event.InputEvent::consume (6 bytes)
Event: 42.267 Thread 0x00000000184c6800 nmethod 770 0x0000000003339510 code [0x0000000003339660, 0x00000000033397b0]
Event: 42.314 Thread 0x00000000184c6800  771       3       java.awt.LightweightDispatcher::dispatchEvent (73 bytes)
Event: 42.315 Thread 0x00000000184c6800 nmethod 771 0x0000000003338990 code [0x0000000003338b40, 0x0000000003339388]
Event: 43.606 Thread 0x00000000184c6800  772       3       java.awt.event.InvocationEvent::<init> (52 bytes)
Event: 43.607 Thread 0x00000000184c6800 nmethod 772 0x0000000003338510 code [0x0000000003338680, 0x00000000033388e8]

GC Heap History (0 events):
No events

Deoptimization events (1 events):
Event: 3.159 Thread 0x0000000002e5e800 Uncommon trap: reason=null_check action=make_not_entrant pc=0x00000000031e9f1c method=java.lang.String.equals(Ljava/lang/Object;)Z @ 8

Internal exceptions (10 events):
Event: 2.546 Thread 0x0000000002e5e800 Exception <a 'java/security/PrivilegedActionException'> (0x00000000e0786648) thrown at [C:\re\workspace\8-2-build-windows-amd64-cygwin\jdk8u111\7883\hotspot\src\share\vm\prims\jvm.cpp, line 1386]
Event: 2.546 Thread 0x0000000002e5e800 Exception <a 'java/security/PrivilegedActionException'> (0x00000000e0786858) thrown at [C:\re\workspace\8-2-build-windows-amd64-cygwin\jdk8u111\7883\hotspot\src\share\vm\prims\jvm.cpp, line 1386]
Event: 2.555 Thread 0x0000000002e5e800 Exception <a 'java/io/FileNotFoundException'> (0x00000000e0788dd0) thrown at [C:\re\workspace\8-2-build-windows-amd64-cygwin\jdk8u111\7883\hotspot\src\share\vm\prims\jni.cpp, line 709]
Event: 2.822 Thread 0x0000000002e5e800 Exception <a 'java/lang/NoSuchFieldError': method resolution failed> (0x00000000e0856cd8) thrown at [C:\re\workspace\8-2-build-windows-amd64-cygwin\jdk8u111\7883\hotspot\src\share\vm\prims\methodHandles.cpp, line 1146]
Event: 2.836 Thread 0x0000000002e5e800 Exception <a 'java/lang/NoSuchFieldError': method resolution failed> (0x00000000e08640a8) thrown at [C:\re\workspace\8-2-build-windows-amd64-cygwin\jdk8u111\7883\hotspot\src\share\vm\prims\methodHandles.cpp, line 1146]
Event: 3.097 Thread 0x0000000002e5e800 Exception <a 'java/io/FileNotFoundException'> (0x00000000e08fc818) thrown at [C:\re\workspace\8-2-build-windows-amd64-cygwin\jdk8u111\7883\hotspot\src\share\vm\prims\jni.cpp, line 709]
Event: 3.159 Thread 0x0000000002e5e800 Implicit null exception at 0x00000000031e9c9e to 0x00000000031e9f0d
Event: 43.607 Thread 0x0000000018600000 JVM_StopThread thread JavaThread 0x000000001854b800 as oop 0x00000000e0f7d478 [exception 0x00000000011cf5e8]
Event: 43.607 Thread 0x000000001854b800 Exception <a 'java/net/SocketException': Socket closed> (0x00000000e106ea40) thrown at [C:\re\workspace\8-2-build-windows-amd64-cygwin\jdk8u111\7883\hotspot\src\share\vm\prims\jni.cpp, line 735]
Event: 43.608 Thread 0x000000001854b800 Exception <a 'java/lang/ThreadDeath'> (0x00000000e0fab1e0) thrown at [C:\re\workspace\8-2-build-windows-amd64-cygwin\jdk8u111\7883\hotspot\src\share\vm\prims\jni.cpp, line 709]

Events (10 events):
Event: 43.607 Executing VM operation: GetOrSetLocal
Event: 43.607 Executing VM operation: GetOrSetLocal done
Event: 43.607 loading class java/net/SocketException
Event: 43.607 loading class java/net/SocketException done
Event: 43.607 Executing VM operation: EnterInterpOnlyMode
Event: 43.607 Executing VM operation: EnterInterpOnlyMode done
Event: 43.607 Executing VM operation: ThreadStop
Event: 43.607 loading class sun/net/ConnectionResetException
Event: 43.607 Executing VM operation: ThreadStop done
Event: 43.608 loading class sun/net/ConnectionResetException done


Dynamic libraries:
0x00007ff7a42f0000 - 0x00007ff7a4327000 	C:\Program Files\Java\jdk1.8.0_111\bin\java.exe
0x00007ff943bd0000 - 0x00007ff943dc5000 	C:\WINDOWS\SYSTEM32\ntdll.dll
0x00007ff943260000 - 0x00007ff94331e000 	C:\WINDOWS\System32\KERNEL32.DLL
0x00007ff941940000 - 0x00007ff941c08000 	C:\WINDOWS\System32\KERNELBASE.dll
0x00007ff942990000 - 0x00007ff942a3c000 	C:\WINDOWS\System32\ADVAPI32.dll
0x00007ff9428f0000 - 0x00007ff94298e000 	C:\WINDOWS\System32\msvcrt.dll
0x00007ff943870000 - 0x00007ff94390b000 	C:\WINDOWS\System32\sechost.dll
0x00007ff943120000 - 0x00007ff94324a000 	C:\WINDOWS\System32\RPCRT4.dll
0x00007ff943970000 - 0x00007ff943b11000 	C:\WINDOWS\System32\USER32.dll
0x00007ff9415b0000 - 0x00007ff9415d2000 	C:\WINDOWS\System32\win32u.dll
0x00007ff9430f0000 - 0x00007ff94311b000 	C:\WINDOWS\System32\GDI32.dll
0x00007ff941470000 - 0x00007ff94157d000 	C:\WINDOWS\System32\gdi32full.dll
0x00007ff9418a0000 - 0x00007ff94193d000 	C:\WINDOWS\System32\msvcp_win.dll
0x00007ff9412e0000 - 0x00007ff9413e0000 	C:\WINDOWS\System32\ucrtbase.dll
0x00007ff938d00000 - 0x00007ff938f9a000 	C:\WINDOWS\WinSxS\amd64_microsoft.windows.common-controls_6595b64144ccf1df_6.0.19041.1110_none_60b5254171f9507e\COMCTL32.dll
0x00007ff9428c0000 - 0x00007ff9428f0000 	C:\WINDOWS\System32\IMM32.DLL
0x00000000712f0000 - 0x00000000713c2000 	C:\Program Files\Java\jdk1.8.0_111\jre\bin\msvcr100.dll
0x00000000713d0000 - 0x0000000071c6a000 	C:\Program Files\Java\jdk1.8.0_111\jre\bin\server\jvm.dll
0x00007ff9424a0000 - 0x00007ff9424a8000 	C:\WINDOWS\System32\PSAPI.DLL
0x00007ff93a150000 - 0x00007ff93a177000 	C:\WINDOWS\SYSTEM32\WINMM.dll
0x00007ff93c720000 - 0x00007ff93c729000 	C:\WINDOWS\SYSTEM32\WSOCK32.dll
0x00007ff9361f0000 - 0x00007ff9361fa000 	C:\WINDOWS\SYSTEM32\VERSION.dll
0x00007ff943b20000 - 0x00007ff943b8b000 	C:\WINDOWS\System32\WS2_32.dll
0x0000000072010000 - 0x000000007201f000 	C:\Program Files\Java\jdk1.8.0_111\jre\bin\verify.dll
0x00000000712c0000 - 0x00000000712e9000 	C:\Program Files\Java\jdk1.8.0_111\jre\bin\java.dll
0x0000000070f10000 - 0x0000000070f45000 	C:\Program Files\Java\jdk1.8.0_111\jre\bin\jdwp.dll
0x0000000070f00000 - 0x0000000070f08000 	C:\Program Files\Java\jdk1.8.0_111\jre\bin\npt.dll
0x00000000712a0000 - 0x00000000712b6000 	C:\Program Files\Java\jdk1.8.0_111\jre\bin\zip.dll
0x00007ff941cf0000 - 0x00007ff942434000 	C:\WINDOWS\System32\SHELL32.dll
0x00007ff93f0e0000 - 0x00007ff93f874000 	C:\WINDOWS\SYSTEM32\windows.storage.dll
0x00007ff942560000 - 0x00007ff9428b5000 	C:\WINDOWS\System32\combase.dll
0x00007ff940c60000 - 0x00007ff940c8e000 	C:\WINDOWS\SYSTEM32\Wldp.dll
0x00007ff9433d0000 - 0x00007ff94347d000 	C:\WINDOWS\System32\SHCORE.dll
0x00007ff943910000 - 0x00007ff943965000 	C:\WINDOWS\System32\shlwapi.dll
0x00007ff941220000 - 0x00007ff94123f000 	C:\WINDOWS\SYSTEM32\profapi.dll
0x0000000070f50000 - 0x0000000070f5b000 	C:\Program Files\Java\jdk1.8.0_111\jre\bin\dt_shmem.dll
0x00000000710c0000 - 0x0000000071258000 	C:\Program Files\Java\jdk1.8.0_111\jre\bin\awt.dll
0x00007ff9435c0000 - 0x00007ff94368d000 	C:\WINDOWS\System32\OLEAUT32.dll
0x00007ff93e970000 - 0x00007ff93ea00000 	C:\WINDOWS\SYSTEM32\apphelp.dll
0x00007ff93ee40000 - 0x00007ff93ee6f000 	C:\WINDOWS\system32\DWMAPI.DLL
0x00007ff93ec00000 - 0x00007ff93ec9e000 	C:\WINDOWS\system32\uxtheme.dll
0x00007ff943750000 - 0x00007ff943865000 	C:\WINDOWS\System32\MSCTF.dll
0x00007ff943490000 - 0x00007ff9435ba000 	C:\WINDOWS\System32\ole32.dll
0x00007ff93ff80000 - 0x00007ff93ff92000 	C:\WINDOWS\SYSTEM32\kernel.appcore.dll
0x00007ff9413e0000 - 0x00007ff941462000 	C:\WINDOWS\System32\bcryptPrimitives.dll
0x0000000071070000 - 0x00000000710b7000 	C:\Program Files\Java\jdk1.8.0_111\jre\bin\fontmanager.dll
0x0000000071280000 - 0x000000007129a000 	C:\Program Files\Java\jdk1.8.0_111\jre\bin\net.dll
0x00007ff9409c0000 - 0x00007ff940a2a000 	C:\WINDOWS\system32\mswsock.dll
0x0000000071260000 - 0x0000000071271000 	C:\Program Files\Java\jdk1.8.0_111\jre\bin\nio.dll
0x0000000071020000 - 0x0000000071062000 	C:\Program Files\Java\jdk1.8.0_111\jre\bin\t2k.dll
0x00007ff943320000 - 0x00007ff9433c9000 	C:\WINDOWS\System32\clbcatq.dll
0x00007ff921560000 - 0x00007ff921714000 	C:\WINDOWS\SYSTEM32\WindowsCodecs.dll
0x00007ff941580000 - 0x00007ff9415a7000 	C:\WINDOWS\System32\bcrypt.dll
0x00007ff91a420000 - 0x00007ff91a45e000 	C:\WINDOWS\system32\dataexchange.dll
0x00007ff93d050000 - 0x00007ff93d2b4000 	C:\WINDOWS\system32\d3d11.dll
0x00007ff93e1c0000 - 0x00007ff93e3a5000 	C:\WINDOWS\system32\dcomp.dll
0x00007ff93fca0000 - 0x00007ff93fd94000 	C:\WINDOWS\system32\dxgi.dll
0x00007ff938290000 - 0x00007ff938491000 	C:\WINDOWS\system32\twinapi.appcore.dll
0x00007ff91f640000 - 0x00007ff91f739000 	C:\WINDOWS\SYSTEM32\textinputframework.dll
0x00007ff93e3f0000 - 0x00007ff93e74e000 	C:\WINDOWS\System32\CoreUIComponents.dll
0x00007ff93e750000 - 0x00007ff93e842000 	C:\WINDOWS\System32\CoreMessaging.dll
0x00007ff93ffa0000 - 0x00007ff93ffd3000 	C:\WINDOWS\SYSTEM32\ntmarta.dll
0x00007ff93e060000 - 0x00007ff93e1b4000 	C:\WINDOWS\SYSTEM32\wintypes.dll
0x00007ff9406f0000 - 0x00007ff9407bb000 	C:\WINDOWS\SYSTEM32\DNSAPI.dll
0x00007ff9406b0000 - 0x00007ff9406eb000 	C:\WINDOWS\SYSTEM32\IPHLPAPI.DLL
0x00007ff943480000 - 0x00007ff943488000 	C:\WINDOWS\System32\NSI.dll
0x00007ff939f40000 - 0x00007ff939f4a000 	C:\Windows\System32\rasadhlp.dll
0x00007ff939050000 - 0x00007ff9390cf000 	C:\WINDOWS\System32\fwpuclnt.dll

VM Arguments:
jvm_args: -Xdebug -Xrunjdwp:transport=dt_shmem,address=javadebug -Dfile.encoding=UTF-8 
java_command: chatclientserver.ServerGUI
java_class_path (initial): D:\F School\Parallel Processing\ChatClientServer\build\classes
Launcher Type: SUN_STANDARD

Environment Variables:
PATH=C:\Program Files\Common Files\Oracle\Java\javapath;C:\Program Files\NVIDIA GPU Computing Toolkit\CUDA\v11.2\bin;C:\Program Files\NVIDIA GPU Computing Toolkit\CUDA\v11.2\libnvvp;C:\ProgramData\Oracle\Java\javapath;C:\WINDOWS\system32;C:\WINDOWS;C:\WINDOWS\System32\Wbem;C:\WINDOWS\System32\WindowsPowerShell\v1.0\;C:\WINDOWS\System32\OpenSSH\;C:\Program Files\NVIDIA Corporation\Nsight Compute 2020.3.0\;C:\Program Files (x86)\NVIDIA Corporation\PhysX\Common;C:\Program Files\Microsoft SQL Server\130\Tools\Binn\;C:\Program Files\Microsoft SQL Server\Client SDK\ODBC\170\Tools\Binn\;C:\Program Files\dotnet\;C:\Program Files (x86)\Microsoft SQL Server\150\Tools\Binn\;C:\Program Files\Microsoft SQL Server\150\Tools\Binn\;C:\Program Files\Microsoft SQL Server\150\DTS\Binn\;C:\Program Files (x86)\Microsoft SQL Server\150\DTS\Binn\;C:\Program Files\Azure Data Studio\bin;C:\Program Files\Git\cmd;C:\Users\absal\AppData\Local\Programs\Python\Python39\Scripts\;C:\Users\absal\AppData\Local\Programs\Python\Python39\;C:\Users\absal\AppData\Local\Microsoft\WindowsApps;;C:\Program Files\JetBrains\PyCharm Community Edition 2020.2.3\bin;;C:\Users\absal\AppData\Local\Programs\Microsoft VS Code\bin;C:\Program Files\Azure Data Studio\bin;C:\Users\absal\.dotnet\tools
USERNAME=absal
OS=Windows_NT
PROCESSOR_IDENTIFIER=Intel64 Family 6 Model 61 Stepping 4, GenuineIntel



---------------  S Y S T E M  ---------------

OS: Windows 10.0 , 64 bit Build 19041 (10.0.19041.1348)

CPU:total 4 (2 cores per cpu, 2 threads per core) family 6 model 61 stepping 4, cmov, cx8, fxsr, mmx, sse, sse2, sse3, ssse3, sse4.1, sse4.2, popcnt, avx, avx2, aes, clmul, erms, 3dnowpref, lzcnt, ht, tsc, tscinvbit, bmi1, bmi2, adx

Memory: 4k page, physical 6210224k(1168672k free), swap 8962736k(1943932k free)

vm_info: Java HotSpot(TM) 64-Bit Server VM (25.111-b14) for windows-amd64 JRE (1.8.0_111-b14), built on Sep 22 2016 19:24:05 by "java_re" with MS VC++ 10.0 (VS2010)

time: Wed Dec 29 17:31:12 2021
elapsed time: 43 seconds (0d 0h 0m 43s)

